<?xml version="1.0" encoding="UTF-8"?>
<testng-results skipped="0" failed="0" ignored="0" total="1" passed="1">
  <reporter-output>
    <line>
      <![CDATA[Owner Added success]]>
    </line>
  </reporter-output>
  <suite name="Suite" duration-ms="40497" started-at="2018-12-28T06:46:13Z" finished-at="2018-12-28T06:46:54Z">
    <groups>
    </groups>
    <test name="Test" duration-ms="40497" started-at="2018-12-28T06:46:13Z" finished-at="2018-12-28T06:46:54Z">
      <class name="MainTestcase.AppTest">
        <test-method status="PASS" signature="Generate()[pri:0, instance:MainTestcase.AppTest@5e048149]" name="Generate" is-config="true" duration-ms="100" started-at="2018-12-28T06:46:13Z" finished-at="2018-12-28T06:46:13Z">
          <reporter-output>
          </reporter-output>
        </test-method> <!-- Generate -->
        <test-method status="PASS" signature="adminlogin()[pri:0, instance:MainTestcase.AppTest@5e048149]" name="adminlogin" is-config="true" duration-ms="5435" started-at="2018-12-28T06:46:13Z" finished-at="2018-12-28T06:46:19Z">
          <reporter-output>
          </reporter-output>
        </test-method> <!-- adminlogin -->
        <test-method status="PASS" signature="Test1()[pri:0, instance:MainTestcase.AppTest@5e048149]" name="Test1" duration-ms="33940" started-at="2018-12-28T06:46:19Z" description="AddOwnerandpet" finished-at="2018-12-28T06:46:53Z">
          <reporter-output>
            <line>
              <![CDATA[Owner Added success]]>
            </line>
          </reporter-output>
        </test-method> <!-- Test1 -->
        <test-method status="PASS" signature="afterMethod()[pri:0, instance:MainTestcase.AppTest@5e048149]" name="afterMethod" is-config="true" duration-ms="1010" started-at="2018-12-28T06:46:53Z" finished-at="2018-12-28T06:46:54Z">
          <reporter-output>
          </reporter-output>
        </test-method> <!-- afterMethod -->
      </class> <!-- MainTestcase.AppTest -->
    </test> <!-- Test -->
  </suite> <!-- Suite -->
</testng-results>
