<?xml version="1.0" encoding="UTF-8"?>
<testng-results skipped="0" failed="0" ignored="0" total="1" passed="1">
  <reporter-output>
    <line>
      <![CDATA[Owner Added success]]>
    </line>
  </reporter-output>
  <suite name="Default suite" duration-ms="35581" started-at="2018-12-28T06:14:36Z" finished-at="2018-12-28T06:15:12Z">
    <groups>
    </groups>
    <test name="Default test" duration-ms="35581" started-at="2018-12-28T06:14:36Z" finished-at="2018-12-28T06:15:12Z">
      <class name="MainTestcase.AppTest">
        <test-method status="PASS" signature="Generate()[pri:0, instance:MainTestcase.AppTest@37374a5e]" name="Generate" is-config="true" duration-ms="123" started-at="2018-12-28T06:14:36Z" finished-at="2018-12-28T06:14:37Z">
          <reporter-output>
          </reporter-output>
        </test-method> <!-- Generate -->
        <test-method status="PASS" signature="adminlogin()[pri:0, instance:MainTestcase.AppTest@37374a5e]" name="adminlogin" is-config="true" duration-ms="5426" started-at="2018-12-28T06:14:37Z" finished-at="2018-12-28T06:14:42Z">
          <reporter-output>
          </reporter-output>
        </test-method> <!-- adminlogin -->
        <test-method status="PASS" signature="Test1()[pri:0, instance:MainTestcase.AppTest@37374a5e]" name="Test1" duration-ms="29060" started-at="2018-12-28T06:14:42Z" description="AddOwnerandpet" finished-at="2018-12-28T06:15:11Z">
          <reporter-output>
            <line>
              <![CDATA[Owner Added success]]>
            </line>
          </reporter-output>
        </test-method> <!-- Test1 -->
        <test-method status="PASS" signature="afterMethod()[pri:0, instance:MainTestcase.AppTest@37374a5e]" name="afterMethod" is-config="true" duration-ms="958" started-at="2018-12-28T06:15:11Z" finished-at="2018-12-28T06:15:12Z">
          <reporter-output>
          </reporter-output>
        </test-method> <!-- afterMethod -->
      </class> <!-- MainTestcase.AppTest -->
    </test> <!-- Default test -->
  </suite> <!-- Default suite -->
</testng-results>
